844
1 L 4 226 1
1 D 0 226 1
1 L 5 183 1
1 D 0 183 1
1 L 3 6 1
1 D 0 6 1
1 L 7 220 1
1 D 0 220 1
1 L 0 299 1
1 D 0 299 1
1 L 0 280 1
1 D 0 280 1
1 L 9 12 1
1 D 0 12 1
1 L 0 42 1
1 D 0 42 1
1 L 0 163 1
1 D 1 163 1
1 L 5 192 1
1 D 2 192 1
1 L 0 81 1
1 D 2 81 1
1 L 0 270 1
1 D 3 270 1
1 L 6 305 1
1 D 3 305 1
1 L 0 111 1
1 D 3 111 1
1 L 0 37 1
1 D 3 37 1
1 L 0 219 1
1 D 3 219 1
1 L 0 111 1
1 D 3 111 1
1 L 0 96 1
1 D 3 96 1
1 L 0 290 1
1 D 3 290 1
1 L 0 377 1
1 D 3 377 1
1 L 5 113 1
1 D 3 113 1
1 L 0 169 1
1 D 4 169 1
1 L 0 146 1
1 D 4 146 1
1 L 0 397 1
1 D 4 397 1
1 L 0 263 1
1 D 4 263 1
1 L 0 342 1
1 D 4 342 1
1 L 0 275 1
1 D 4 275 1
1 L 3 18 1
1 D 4 18 1
1 L 0 26 1
1 D 4 26 1
1 L 3 372 1
1 D 5 372 1
1 L 8 165 1
1 D 5 165 1
1 L 1 338 1
1 D 5 338 1
1 L 0 43 1
1 D 5 43 1
1 L 2 55 1
1 D 6 55 1
1 L 0 398 1
1 D 6 398 1
1 L 0 299 1
1 D 6 299 1
1 L 7 392 1
1 D 6 392 1
1 L 0 179 1
1 D 6 179 1
1 L 0 215 1
1 D 6 215 1
1 L 2 49 1
1 D 7 49 1
1 L 0 76 1
1 D 7 76 1
1 L 0 205 1
1 D 7 205 1
1 L 5 364 1
1 D 7 364 1
1 L 2 55 1
1 D 7 55 1
1 L 2 388 1
1 D 7 388 1
1 L 0 219 1
1 D 7 219 1
1 L 8 41 1
1 D 8 41 1
1 L 0 26 1
1 D 8 26 1
1 L 0 16 1
1 D 8 16 1
1 L 0 385 1
1 D 9 385 1
1 L 0 243 1
1 D 9 243 1
1 L 5 184 1
1 D 9 184 1
1 L 0 83 1
1 D 9 83 1
1 L 7 289 1
1 D 9 289 1
1 L 0 300 1
1 D 10 300 1
1 L 0 272 1
1 D 10 272 1
1 L 8 298 1
1 D 10 298 1
1 L 8 367 1
1 D 10 367 1
1 L 0 10 1
1 D 10 10 1
1 L 3 121 1
1 D 10 121 1
1 L 0 230 1
1 D 11 230 1
1 L 0 35 1
1 D 12 35 1
1 L 6 53 1
1 D 12 53 1
1 L 4 86 1
1 D 12 86 1
1 L 5 71 1
1 D 12 71 1
1 L 0 347 1
1 D 12 347 1
1 L 0 172 1
1 D 12 172 1
1 L 8 130 1
1 D 12 130 1
1 L 1 54 1
1 D 12 54 1
1 L 0 127 1
1 D 12 127 1
1 L 0 204 1
1 D 12 204 1
1 L 2 30 1
1 D 12 30 1
1 L 0 281 1
1 D 12 281 1
1 L 8 66 1
1 D 13 66 1
1 L 0 26 1
1 D 13 26 1
1 L 5 200 1
1 D 13 200 1
1 L 0 398 1
1 D 13 398 1
1 L 8 355 1
1 D 13 355 1
1 L 0 375 1
1 D 13 375 1
1 L 0 296 1
1 D 13 296 1
1 L 0 17 1
1 D 14 17 1
1 L 0 111 1
1 D 14 111 1
1 L 8 66 1
1 D 14 66 1
1 L 0 189 1
1 D 14 189 1
1 L 0 214 1
1 D 14 214 1
1 L 5 75 1
1 D 14 75 1
1 L 0 287 1
1 D 14 287 1
1 L 8 130 1
1 D 14 130 1
1 L 3 228 1
1 D 14 228 1
1 L 0 225 1
1 D 14 225 1
1 L 5 344 1
1 D 14 344 1
1 L 2 388 1
1 D 14 388 1
1 L 0 223 1
1 D 14 223 1
1 L 0 268 1
1 D 15 268 1
1 L 0 262 1
1 D 15 262 1
1 L 0 21 1
1 D 15 21 1
1 L 0 190 1
1 D 15 190 1
1 L 2 222 1
1 D 15 222 1
1 L 0 314 1
1 D 15 314 1
1 L 9 337 1
1 D 15 337 1
1 L 0 216 1
1 D 15 216 1
1 L 0 203 1
1 D 16 203 1
1 L 0 150 1
1 D 16 150 1
1 L 0 241 1
1 D 16 241 1
1 L 8 307 1
1 D 16 307 1
1 L 0 129 1
1 D 16 129 1
1 L 0 205 1
1 D 16 205 1
1 L 9 160 1
1 D 16 160 1
1 L 0 122 1
1 D 16 122 1
1 L 5 75 1
1 D 16 75 1
1 L 6 305 1
1 D 16 305 1
1 L 7 220 1
1 D 16 220 1
1 L 0 35 1
1 D 16 35 1
1 L 1 54 1
1 D 16 54 1
1 L 1 338 1
1 D 16 338 1
1 L 0 61 1
1 D 16 61 1
1 L 0 391 1
1 D 16 391 1
1 L 0 179 1
1 D 16 179 1
1 L 5 75 1
1 D 17 75 1
1 L 0 15 1
1 D 17 15 1
1 L 0 10 1
1 D 17 10 1
1 L 6 195 1
1 D 17 195 1
1 L 5 344 1
1 D 18 344 1
1 L 0 397 1
1 D 18 397 1
1 L 0 109 1
1 D 19 109 1
1 L 0 164 1
1 D 19 164 1
1 L 0 276 1
1 D 19 276 1
1 L 0 300 1
1 D 19 300 1
1 L 0 278 1
1 D 19 278 1
1 L 9 337 1
1 D 19 337 1
1 L 3 233 1
1 D 19 233 1
1 L 5 395 1
1 D 20 395 1
1 L 0 21 1
1 D 20 21 1
1 L 0 326 1
1 D 20 326 1
1 L 0 15 1
1 D 20 15 1
1 L 0 96 1
1 D 20 96 1
1 L 0 186 1
1 D 20 186 1
1 L 4 394 1
1 D 20 394 1
1 L 0 100 1
1 D 20 100 1
1 L 7 392 1
1 D 20 392 1
1 L 0 124 1
1 D 20 124 1
1 L 0 15 1
1 D 20 15 1
1 L 3 80 1
1 D 20 80 1
1 L 0 221 1
1 D 20 221 1
1 L 2 84 1
1 D 21 84 1
1 L 1 211 1
1 D 21 211 1
1 L 0 199 1
1 D 21 199 1
1 L 0 186 1
1 D 21 186 1
1 L 0 373 1
1 D 22 373 1
1 L 0 300 1
1 D 22 300 1
1 L 3 153 1
1 D 22 153 1
1 L 6 362 1
1 D 22 362 1
1 L 0 173 1
1 D 22 173 1
1 L 0 64 1
1 D 22 64 1
1 L 3 159 1
1 D 22 159 1
1 L 0 43 1
1 D 22 43 1
1 L 0 201 1
1 D 22 201 1
1 L 3 121 1
1 D 23 121 1
1 L 3 224 1
1 D 23 224 1
1 L 0 82 1
1 D 23 82 1
1 L 0 201 1
1 D 23 201 1
1 L 3 80 1
1 D 23 80 1
1 L 0 144 1
1 D 23 144 1
1 L 4 162 1
1 D 23 162 1
1 L 0 328 1
1 D 23 328 1
1 L 6 53 1
1 D 23 53 1
1 L 0 127 1
1 D 23 127 1
1 L 0 73 1
1 D 23 73 1
1 L 6 51 1
1 D 23 51 1
1 L 0 342 1
1 D 23 342 1
1 L 0 114 1
1 D 24 114 1
1 L 0 126 1
1 D 24 126 1
1 L 8 161 1
1 D 24 161 1
1 L 0 208 1
1 D 25 208 1
1 L 0 241 1
1 D 25 241 1
1 L 1 198 1
1 D 25 198 1
1 L 0 247 1
1 D 25 247 1
1 L 0 255 1
1 D 25 255 1
1 L 0 397 1
1 D 25 397 1
1 L 0 270 1
1 D 25 270 1
1 L 0 21 1
1 D 26 21 1
1 L 7 105 1
1 D 26 105 1
1 L 0 36 1
1 D 26 36 1
1 L 0 239 1
1 D 27 239 1
1 L 0 243 1
1 D 27 243 1
1 L 1 356 1
1 D 27 356 1
1 L 0 8 1
1 D 27 8 1
1 L 3 308 1
1 D 27 308 1
1 L 0 190 1
1 D 27 190 1
1 L 0 381 1
1 D 27 381 1
1 L 0 343 1
1 D 27 343 1
1 L 0 322 1
1 D 27 322 1
1 L 0 317 1
1 D 27 317 1
1 L 7 108 1
1 D 27 108 1
1 L 0 375 1
1 D 27 375 1
1 L 0 300 1
1 D 28 300 1
1 L 4 78 1
1 D 28 78 1
1 L 5 244 1
1 D 28 244 1
1 L 6 362 1
1 D 28 362 1
1 L 0 52 1
1 D 28 52 1
1 L 2 56 1
1 D 28 56 1
1 L 5 286 1
1 D 28 286 1
1 L 0 163 1
1 D 28 163 1
1 L 9 303 1
1 D 28 303 1
1 L 3 224 1
1 D 29 224 1
1 L 2 388 1
1 D 29 388 1
1 L 6 89 1
1 D 29 89 1
1 L 0 227 1
1 D 29 227 1
1 L 8 67 1
1 D 30 67 1
1 L 3 380 1
1 D 30 380 1
1 L 2 44 1
1 D 30 44 1
1 L 4 86 1
1 D 31 86 1
1 L 4 139 1
1 D 31 139 1
1 L 0 144 1
1 D 31 144 1
1 L 8 41 1
1 D 32 41 1
1 L 0 70 1
1 D 32 70 1
1 L 0 375 1
1 D 32 375 1
1 L 0 104 1
1 D 32 104 1
1 L 3 159 1
1 D 33 159 1
1 L 0 173 1
1 D 33 173 1
1 L 3 308 1
1 D 33 308 1
1 L 0 347 1
1 D 33 347 1
1 L 9 29 1
1 D 33 29 1
1 L 6 53 1
1 D 33 53 1
1 L 8 355 1
1 D 33 355 1
1 L 0 60 1
1 D 33 60 1
1 L 0 194 1
1 D 33 194 1
1 L 0 96 1
1 D 33 96 1
1 L 5 395 1
1 D 33 395 1
1 L 7 392 1
1 D 33 392 1
1 L 4 139 1
1 D 33 139 1
1 L 0 314 1
1 D 33 314 1
1 L 0 163 1
1 D 33 163 1
1 L 0 201 1
1 D 33 201 1
1 L 5 113 1
1 D 34 113 1
1 L 0 278 1
1 D 34 278 1
1 L 0 208 1
1 D 34 208 1
1 L 0 216 1
1 D 34 216 1
1 L 0 64 1
1 D 34 64 1
1 L 8 324 1
1 D 34 324 1
1 L 9 303 1
1 D 34 303 1
1 L 0 239 1
1 D 34 239 1
1 L 0 350 1
1 D 34 350 1
1 L 0 110 1
1 D 34 110 1
1 L 0 219 1
1 D 34 219 1
1 L 0 242 1
1 D 34 242 1
1 L 1 261 1
1 D 34 261 1
1 L 0 275 1
1 D 34 275 1
1 L 3 121 1
1 D 35 121 1
1 L 9 369 1
1 D 35 369 1
1 L 0 8 1
1 D 35 8 1
1 L 0 167 1
1 D 36 167 1
1 L 0 100 1
1 D 36 100 1
1 L 0 47 1
1 D 36 47 1
1 L 0 88 1
1 D 36 88 1
1 L 0 104 1
1 D 36 104 1
1 L 0 375 1
1 D 36 375 1
1 L 6 51 1
1 D 36 51 1
1 L 9 116 1
1 D 36 116 1
1 L 1 261 1
1 D 37 261 1
1 L 0 15 1
1 D 37 15 1
1 L 0 182 1
1 D 37 182 1
1 L 6 195 1
1 D 37 195 1
1 L 5 376 1
1 D 37 376 1
1 L 0 81 1
1 D 37 81 1
1 L 4 273 1
1 D 37 273 1
1 L 0 168 1
1 D 37 168 1
1 L 0 136 1
1 D 37 136 1
1 L 2 193 1
1 D 37 193 1
1 L 0 391 1
1 D 37 391 1
1 L 4 306 1
1 D 37 306 1
1 L 8 66 1
1 D 37 66 1
1 L 3 282 1
1 D 37 282 1
1 L 0 375 1
1 D 37 375 1
1 L 9 303 1
1 D 37 303 1
1 L 1 363 1
1 D 38 363 1
1 L 2 384 1
1 D 38 384 1
1 L 0 299 1
1 D 39 299 1
1 L 7 220 1
1 D 39 220 1
1 L 0 52 1
1 D 39 52 1
1 L 2 309 1
1 D 39 309 1
1 L 8 267 1
1 D 39 267 1
1 L 0 119 1
1 D 39 119 1
1 L 0 278 1
1 D 39 278 1
1 L 0 129 1
1 D 39 129 1
1 L 0 313 1
1 D 39 313 1
1 L 0 205 1
1 D 39 205 1
1 L 0 214 1
1 D 39 214 1
1 L 0 31 1
1 D 39 31 1
1 L 0 163 1
1 D 39 163 1
1 L 4 139 1
1 D 39 139 1
1 L 1 338 1
1 D 39 338 1
1 L 5 232 1
1 D 39 232 1
1 L 0 179 1
1 D 39 179 1
1 L 0 38 1
1 D 40 38 1
1 L 6 51 1
1 D 40 51 1
1 L 8 66 1
1 D 40 66 1
1 L 7 332 1
1 D 40 332 1
1 L 0 114 1
1 D 40 114 1
1 L 0 287 1
1 D 41 287 1
1 L 1 389 1
1 D 41 389 1
1 L 2 56 1
1 D 41 56 1
1 L 0 236 1
1 D 41 236 1
1 L 0 268 1
1 D 42 268 1
1 L 0 115 1
1 D 42 115 1
1 L 8 257 1
1 D 42 257 1
1 L 0 210 1
1 D 42 210 1
1 L 0 132 1
1 D 42 132 1
1 L 7 108 1
1 D 42 108 1
1 L 8 324 1
1 D 42 324 1
1 L 1 338 1
1 D 42 338 1
1 L 0 242 1
1 D 43 242 1
1 L 0 50 1
1 D 43 50 1
1 L 1 370 1
1 D 44 370 1
1 L 0 218 1
1 D 44 218 1
1 L 0 179 1
1 D 44 179 1
1 L 0 100 1
1 D 45 100 1
1 L 9 160 1
1 D 45 160 1
1 L 0 50 1
1 D 45 50 1
1 L 0 382 1
1 D 45 382 1
1 L 5 50 1
1 D 45 50 1
1 L 1 370 1
1 D 45 370 1
1 L 0 360 1
1 D 45 360 1
1 L 0 60 1
1 D 45 60 1
1 L 7 336 1
1 D 45 336 1
1 L 0 348 1
1 D 46 348 1
1 L 0 310 1
1 D 46 310 1
1 L 0 285 1
1 D 47 285 1
1 L 0 138 1
1 D 47 138 1
1 L 5 375 1
1 D 47 375 1
1 L 0 63 1
1 D 47 63 1
1 L 4 394 1
1 D 47 394 1
1 L 5 395 1
1 D 47 395 1
1 L 0 152 1
1 D 48 152 1
1 L 8 130 1
1 D 48 130 1
1 L 0 127 1
1 D 48 127 1
1 L 0 164 1
1 D 49 164 1
1 L 9 303 1
1 D 49 303 1
1 L 0 73 1
1 D 49 73 1
1 L 0 43 1
1 D 50 43 1
1 L 2 388 1
1 D 51 388 1
1 L 0 34 1
1 D 51 34 1
1 L 6 335 1
1 D 51 335 1
1 L 6 142 1
1 D 52 142 1
1 L 0 73 1
1 D 52 73 1
1 L 3 153 1
1 D 52 153 1
1 L 9 116 1
1 D 52 116 1
1 L 0 10 1
1 D 52 10 1
1 L 3 308 1
1 D 52 308 1
1 L 0 10 1
1 D 52 10 1
1 L 6 107 1
1 D 52 107 1
1 L 0 382 1
1 D 52 382 1
1 L 0 205 1
1 D 52 205 1
1 L 0 276 1
1 D 53 276 1
1 L 0 272 1
1 D 53 272 1
1 L 0 347 1
1 D 53 347 1
1 L 0 32 1
1 D 53 32 1
1 L 4 352 1
1 D 53 352 1
1 L 0 64 1
1 D 54 64 1
1 L 0 57 1
1 D 54 57 1
1 L 8 298 1
1 D 54 298 1
1 L 2 284 1
1 D 54 284 1
1 L 8 67 1
1 D 54 67 1
1 L 8 5 1
1 D 54 5 1
1 L 3 121 1
1 D 54 121 1
1 L 0 210 1
1 D 54 210 1
1 L 7 105 1
1 D 54 105 1
1 L 0 48 1
1 D 54 48 1
1 L 7 68 1
1 D 54 68 1
1 L 0 74 1
1 D 54 74 1
1 L 0 114 1
1 D 54 114 1
1 L 1 54 1
1 D 54 54 1
1 L 1 338 1
1 D 54 338 1
1 L 3 372 1
1 D 54 372 1
1 L 2 284 1
1 D 54 284 1
1 L 8 267 1
1 D 54 267 1
1 L 5 24 1
1 D 55 24 1
1 L 0 208 1
1 D 55 208 1
1 L 0 99 1
1 D 55 99 1
1 L 0 70 1
1 D 55 70 1
1 L 0 262 1
1 D 55 262 1
1 L 0 180 1
1 D 55 180 1
1 L 2 87 1
1 D 55 87 1
1 L 0 137 1
1 D 55 137 1
1 L 0 167 1
1 D 55 167 1
1 L 0 382 1
1 D 56 382 1
1 L 0 225 1
1 D 56 225 1
1 L 0 227 1
1 D 56 227 1
1 L 0 26 1
1 D 56 26 1
1 L 0 350 1
1 D 56 350 1
1 L 0 310 1
1 D 56 310 1
1 L 8 41 1
1 D 56 41 1
1 L 3 346 1
1 D 56 346 1
1 L 7 392 1
1 D 56 392 1
1 L 7 320 1
1 D 56 320 1
1 L 0 382 1
1 D 56 382 1
1 L 3 380 1
1 D 56 380 1
1 L 9 235 1
1 D 56 235 1
1 L 1 356 1
1 D 56 356 1
1 L 6 362 1
1 D 56 362 1
1 L 5 183 1
1 D 57 183 1
1 L 0 136 1
1 D 57 136 1
1 L 9 256 1
1 D 57 256 1
1 L 0 103 1
1 D 57 103 1
1 L 0 189 1
1 D 57 189 1
1 L 0 347 1
1 D 57 347 1
1 L 0 281 1
1 D 57 281 1
1 L 5 60 1
1 D 57 60 1
1 L 0 297 1
1 D 57 297 1
1 L 0 393 1
1 D 57 393 1
1 L 5 244 1
1 D 57 244 1
1 L 2 384 1
1 D 58 384 1
1 L 0 219 1
1 D 58 219 1
1 L 0 390 1
1 D 58 390 1
1 L 0 45 1
1 D 58 45 1
1 L 0 383 1
1 D 58 383 1
1 L 0 95 1
1 D 58 95 1
1 L 0 100 1
1 D 58 100 1
1 L 3 18 1
1 D 58 18 1
1 L 6 53 1
1 D 58 53 1
1 L 9 160 1
1 D 58 160 1
1 L 0 81 1
1 D 58 81 1
